22:37:44 **** Incremental Build of configuration Debug for project 5.4_Podstawianie_dwoch_liczb_do_tekstu ****
make -j4 all 
Building file: ../src/main.c
Building file: ../StdPeriph_Driver/src/stm32f10x_adc.c
Building file: ../StdPeriph_Driver/src/misc.c
Building file: ../StdPeriph_Driver/src/stm32f10x_bkp.c
Invoking: MCU GCC Compiler
Invoking: MCU GCC Compiler
Invoking: MCU GCC Compiler
Invoking: MCU GCC Compiler
C:\Users\Lukas\workspace\5.4_Podstawianie_dwoch_liczb_do_tekstu\Debug
arm-none-eabi-gcc -mcpu=cortex-m3 -mthumb -mfloat-abi=soft -DSTM32 -DSTM32F1 -DSTM32F103RBTx -DNUCLEO_F103RB -DDEBUG -DSTM32F10X_MD -DUSE_STDPERIPH_DRIVER -I"C:/Users/Lukas/workspace/5.4_Podstawianie_dwoch_liczb_do_tekstu/StdPeriph_Driver/inc" -I"C:/Users/Lukas/workspace/5.4_Podstawianie_dwoch_liczb_do_tekstu/inc" -I"C:/Users/Lukas/workspace/5.4_Podstawianie_dwoch_liczb_do_tekstu/CMSIS/device" -I"C:/Users/Lukas/workspace/5.4_Podstawianie_dwoch_liczb_do_tekstu/CMSIS/core" -O0 -g3 -Wall -fmessage-length=0 -ffunction-sections -c -MMD -MP -MF"src/main.d" -MT"src/main.o" -o "src/main.o" "../src/main.c"
C:\Users\Lukas\workspace\5.4_Podstawianie_dwoch_liczb_do_tekstu\Debug
C:\Users\Lukas\workspace\5.4_Podstawianie_dwoch_liczb_do_tekstu\Debug
arm-none-eabi-gcc -mcpu=cortex-m3 -mthumb -mfloat-abi=soft -DSTM32 -DSTM32F1 -DSTM32F103RBTx -DNUCLEO_F103RB -DDEBUG -DSTM32F10X_MD -DUSE_STDPERIPH_DRIVER -I"C:/Users/Lukas/workspace/5.4_Podstawianie_dwoch_liczb_do_tekstu/StdPeriph_Driver/inc" -I"C:/Users/Lukas/workspace/5.4_Podstawianie_dwoch_liczb_do_tekstu/inc" -I"C:/Users/Lukas/workspace/5.4_Podstawianie_dwoch_liczb_do_tekstu/CMSIS/device" -I"C:/Users/Lukas/workspace/5.4_Podstawianie_dwoch_liczb_do_tekstu/CMSIS/core" -O0 -g3 -Wall -fmessage-length=0 -ffunction-sections -c -MMD -MP -MF"StdPeriph_Driver/src/misc.d" -MT"StdPeriph_Driver/src/misc.o" -o "StdPeriph_Driver/src/misc.o" "../StdPeriph_Driver/src/misc.c"
C:\Users\Lukas\workspace\5.4_Podstawianie_dwoch_liczb_do_tekstu\Debug
arm-none-eabi-gcc -mcpu=cortex-m3 -mthumb -mfloat-abi=soft -DSTM32 -DSTM32F1 -DSTM32F103RBTx -DNUCLEO_F103RB -DDEBUG -DSTM32F10X_MD -DUSE_STDPERIPH_DRIVER -I"C:/Users/Lukas/workspace/5.4_Podstawianie_dwoch_liczb_do_tekstu/StdPeriph_Driver/inc" -I"C:/Users/Lukas/workspace/5.4_Podstawianie_dwoch_liczb_do_tekstu/inc" -I"C:/Users/Lukas/workspace/5.4_Podstawianie_dwoch_liczb_do_tekstu/CMSIS/device" -I"C:/Users/Lukas/workspace/5.4_Podstawianie_dwoch_liczb_do_tekstu/CMSIS/core" -O0 -g3 -Wall -fmessage-length=0 -ffunction-sections -c -MMD -MP -MF"StdPeriph_Driver/src/stm32f10x_adc.d" -MT"StdPeriph_Driver/src/stm32f10x_adc.o" -o "StdPeriph_Driver/src/stm32f10x_adc.o" "../StdPeriph_Driver/src/stm32f10x_adc.c"
arm-none-eabi-gcc -mcpu=cortex-m3 -mthumb -mfloat-abi=soft -DSTM32 -DSTM32F1 -DSTM32F103RBTx -DNUCLEO_F103RB -DDEBUG -DSTM32F10X_MD -DUSE_STDPERIPH_DRIVER -I"C:/Users/Lukas/workspace/5.4_Podstawianie_dwoch_liczb_do_tekstu/StdPeriph_Driver/inc" -I"C:/Users/Lukas/workspace/5.4_Podstawianie_dwoch_liczb_do_tekstu/inc" -I"C:/Users/Lukas/workspace/5.4_Podstawianie_dwoch_liczb_do_tekstu/CMSIS/device" -I"C:/Users/Lukas/workspace/5.4_Podstawianie_dwoch_liczb_do_tekstu/CMSIS/core" -O0 -g3 -Wall -fmessage-length=0 -ffunction-sections -c -MMD -MP -MF"StdPeriph_Driver/src/stm32f10x_bkp.d" -MT"StdPeriph_Driver/src/stm32f10x_bkp.o" -o "StdPeriph_Driver/src/stm32f10x_bkp.o" "../StdPeriph_Driver/src/stm32f10x_bkp.c"
../src/main.c:11:10: fatal error: stm32f1xx.h: No such file or directory
 #include "stm32f1xx.h"
          ^~~~~~~~~~~~~
compilation terminated.
src/subdir.mk:24: recipe for target 'src/main.o' failed
make: *** [src/main.o] Error 1
make: *** Waiting for unfinished jobs....
Finished building: ../StdPeriph_Driver/src/misc.c
 
Finished building: ../StdPeriph_Driver/src/stm32f10x_adc.c
Finished building: ../StdPeriph_Driver/src/stm32f10x_bkp.c
 
 

22:37:45 Build Finished (took 1s.153ms)

